This is ApacheBench, Version 2.3 <$Revision: 1879490 $>
Copyright 1996 Adam Twiss, Zeus Technology Ltd, http://www.zeustech.net/
Licensed to The Apache Software Foundation, http://www.apache.org/

Benchmarking 0.0.0.0 (be patient)


Server Software:        myserver/1.0
Server Hostname:        0.0.0.0
Server Port:            8443
SSL/TLS Protocol:       TLSv1.2,ECDHE-RSA-AES256-GCM-SHA384,2048,256
Server Temp Key:        X25519 253 bits

Document Path:          /
Document Length:        Variable

Concurrency Level:      10
Time taken for tests:   155.044 seconds
Complete requests:      1000
Failed requests:        0
Total transferred:      147000 bytes
HTML transferred:       35000 bytes
Requests per second:    6.45 [#/sec] (mean)
Time per request:       1570.639 [ms] (mean)
Time per request:       157.064 [ms] (mean, across all concurrent requests)
Transfer rate:          0.91 [Kbytes/sec] received

Connection Times (ms)
              min  mean[+/-sd] median   max
Connect:        3 1083 3770.6    253   66095
Processing:     2  351 278.3    290    1339
Waiting:        2  332 267.7    274    1338
Total:         10 1434 3835.4    703   66993

Percentage of the requests served within a certain time (ms)
  50%    703
  66%   1146
  75%   1327
  80%   1517
  90%   2609
  95%   4224
  98%   8277
  99%  16334
 100%  66993 (longest request)
